<?xml version="1.0" encoding="UTF-8"?>
<testsuite name="com.revobank.backend.bigBoost.BigBoostApplicationTests" tests="1" skipped="0" failures="0" errors="0" timestamp="2020-02-20T23:21:17" hostname="Lucass-MBP-2" time="0.596">
  <properties/>
  <testcase name="contextLoads()" classname="com.revobank.backend.bigBoost.BigBoostApplicationTests" time="0.596"/>
  <system-out><![CDATA[20:21:11.553 [Test worker] DEBUG org.springframework.test.context.BootstrapUtils - Instantiating CacheAwareContextLoaderDelegate from class [org.springframework.test.context.cache.DefaultCacheAwareContextLoaderDelegate]
20:21:11.577 [Test worker] DEBUG org.springframework.test.context.BootstrapUtils - Instantiating BootstrapContext using constructor [public org.springframework.test.context.support.DefaultBootstrapContext(java.lang.Class,org.springframework.test.context.CacheAwareContextLoaderDelegate)]
20:21:11.649 [Test worker] DEBUG org.springframework.test.context.BootstrapUtils - Instantiating TestContextBootstrapper for test class [com.revobank.backend.bigBoost.BigBoostApplicationTests] from class [org.springframework.boot.test.context.SpringBootTestContextBootstrapper]
20:21:11.697 [Test worker] INFO org.springframework.boot.test.context.SpringBootTestContextBootstrapper - Neither @ContextConfiguration nor @ContextHierarchy found for test class [com.revobank.backend.bigBoost.BigBoostApplicationTests], using SpringBootContextLoader
20:21:11.707 [Test worker] DEBUG org.springframework.test.context.support.AbstractContextLoader - Did not detect default resource location for test class [com.revobank.backend.bigBoost.BigBoostApplicationTests]: class path resource [com/revobank/backend/bigBoost/BigBoostApplicationTests-context.xml] does not exist
20:21:11.708 [Test worker] DEBUG org.springframework.test.context.support.AbstractContextLoader - Did not detect default resource location for test class [com.revobank.backend.bigBoost.BigBoostApplicationTests]: class path resource [com/revobank/backend/bigBoost/BigBoostApplicationTestsContext.groovy] does not exist
20:21:11.709 [Test worker] INFO org.springframework.test.context.support.AbstractContextLoader - Could not detect default resource locations for test class [com.revobank.backend.bigBoost.BigBoostApplicationTests]: no resource found for suffixes {-context.xml, Context.groovy}.
20:21:11.712 [Test worker] INFO org.springframework.test.context.support.AnnotationConfigContextLoaderUtils - Could not detect default configuration classes for test class [com.revobank.backend.bigBoost.BigBoostApplicationTests]: BigBoostApplicationTests does not declare any static, non-private, non-final, nested classes annotated with @Configuration.
20:21:11.799 [Test worker] DEBUG org.springframework.test.context.support.ActiveProfilesUtils - Could not find an 'annotation declaring class' for annotation type [org.springframework.test.context.ActiveProfiles] and class [com.revobank.backend.bigBoost.BigBoostApplicationTests]
20:21:11.986 [Test worker] DEBUG org.springframework.context.annotation.ClassPathScanningCandidateComponentProvider - Identified candidate component class: file [/Users/lucasdossantos/Documents/workana/revobank/backend/bigBoost/build/classes/java/main/com/revobank/backend/bigBoost/BigBoostApplication.class]
20:21:11.990 [Test worker] INFO org.springframework.boot.test.context.SpringBootTestContextBootstrapper - Found @SpringBootConfiguration com.revobank.backend.bigBoost.BigBoostApplication for test class com.revobank.backend.bigBoost.BigBoostApplicationTests
20:21:12.254 [Test worker] DEBUG org.springframework.boot.test.context.SpringBootTestContextBootstrapper - @TestExecutionListeners is not present for class [com.revobank.backend.bigBoost.BigBoostApplicationTests]: using defaults.
20:21:12.255 [Test worker] INFO org.springframework.boot.test.context.SpringBootTestContextBootstrapper - Loaded default TestExecutionListener class names from location [META-INF/spring.factories]: [org.springframework.boot.test.autoconfigure.restdocs.RestDocsTestExecutionListener, org.springframework.boot.test.autoconfigure.web.client.MockRestServiceServerResetTestExecutionListener, org.springframework.boot.test.autoconfigure.web.servlet.MockMvcPrintOnlyOnFailureTestExecutionListener, org.springframework.boot.test.autoconfigure.web.servlet.WebDriverTestExecutionListener, org.springframework.boot.test.mock.mockito.MockitoTestExecutionListener, org.springframework.boot.test.mock.mockito.ResetMocksTestExecutionListener, org.springframework.test.context.web.ServletTestExecutionListener, org.springframework.test.context.support.DirtiesContextBeforeModesTestExecutionListener, org.springframework.test.context.support.DependencyInjectionTestExecutionListener, org.springframework.test.context.support.DirtiesContextTestExecutionListener, org.springframework.test.context.transaction.TransactionalTestExecutionListener, org.springframework.test.context.jdbc.SqlScriptsTestExecutionListener, org.springframework.test.context.event.EventPublishingTestExecutionListener]
20:21:12.287 [Test worker] DEBUG org.springframework.boot.test.context.SpringBootTestContextBootstrapper - Skipping candidate TestExecutionListener [org.springframework.test.context.transaction.TransactionalTestExecutionListener] due to a missing dependency. Specify custom listener classes or make the default listener classes and their required dependencies available. Offending class: [org/springframework/transaction/interceptor/TransactionAttributeSource]
20:21:12.288 [Test worker] DEBUG org.springframework.boot.test.context.SpringBootTestContextBootstrapper - Skipping candidate TestExecutionListener [org.springframework.test.context.jdbc.SqlScriptsTestExecutionListener] due to a missing dependency. Specify custom listener classes or make the default listener classes and their required dependencies available. Offending class: [org/springframework/transaction/interceptor/TransactionAttribute]
20:21:12.291 [Test worker] INFO org.springframework.boot.test.context.SpringBootTestContextBootstrapper - Using TestExecutionListeners: [org.springframework.test.context.web.ServletTestExecutionListener@1e55df4e, org.springframework.test.context.support.DirtiesContextBeforeModesTestExecutionListener@15d2fcc8, org.springframework.boot.test.mock.mockito.MockitoTestExecutionListener@1a96c550, org.springframework.boot.test.autoconfigure.SpringBootDependencyInjectionTestExecutionListener@5a1905af, org.springframework.test.context.support.DirtiesContextTestExecutionListener@6a060e0d, org.springframework.test.context.event.EventPublishingTestExecutionListener@68b09b39, org.springframework.boot.test.autoconfigure.restdocs.RestDocsTestExecutionListener@44a06f3a, org.springframework.boot.test.autoconfigure.web.client.MockRestServiceServerResetTestExecutionListener@56063e7c, org.springframework.boot.test.autoconfigure.web.servlet.MockMvcPrintOnlyOnFailureTestExecutionListener@caa24d7, org.springframework.boot.test.autoconfigure.web.servlet.WebDriverTestExecutionListener@602f0f28, org.springframework.boot.test.mock.mockito.ResetMocksTestExecutionListener@273165a8]
20:21:12.300 [Test worker] DEBUG org.springframework.test.context.support.AbstractDirtiesContextTestExecutionListener - Before test class: context [DefaultTestContext@37759e33 testClass = BigBoostApplicationTests, testInstance = [null], testMethod = [null], testException = [null], mergedContextConfiguration = [WebMergedContextConfiguration@1d4b8dba testClass = BigBoostApplicationTests, locations = '{}', classes = '{class com.revobank.backend.bigBoost.BigBoostApplication}', contextInitializerClasses = '[]', activeProfiles = '{}', propertySourceLocations = '{}', propertySourceProperties = '{org.springframework.boot.test.context.SpringBootTestContextBootstrapper=true}', contextCustomizers = set[org.springframework.boot.test.autoconfigure.properties.PropertyMappingContextCustomizer@0, org.springframework.boot.test.autoconfigure.web.servlet.WebDriverContextCustomizerFactory$Customizer@3ccdb2a7, org.springframework.boot.test.context.filter.ExcludeFilterContextCustomizer@1887f63f, org.springframework.boot.test.json.DuplicateJsonObjectContextCustomizerFactory$DuplicateJsonObjectContextCustomizer@43ef6fa4, org.springframework.boot.test.mock.mockito.MockitoContextCustomizer@0, org.springframework.boot.test.web.client.TestRestTemplateContextCustomizer@306b8b41], resourceBasePath = 'src/main/webapp', contextLoader = 'org.springframework.boot.test.context.SpringBootContextLoader', parent = [null]], attributes = map['org.springframework.test.context.web.ServletTestExecutionListener.activateListener' -> true]], class annotated with @DirtiesContext [false] with mode [null].
20:21:12.364 [Test worker] DEBUG org.springframework.test.context.support.TestPropertySourceUtils - Adding inlined properties to environment: {spring.jmx.enabled=false, org.springframework.boot.test.context.SpringBootTestContextBootstrapper=true, server.port=-1}

  .   ____          _            __ _ _
 /\\ / ___'_ __ _ _(_)_ __  __ _ \ \ \ \
( ( )\___ | '_ | '_| | '_ \/ _` | \ \ \ \
 \\/  ___)| |_)| | | | | || (_| |  ) ) ) )
  '  |____| .__|_| |_|_| |_\__, | / / / /
 =========|_|==============|___/=/_/_/_/
 :: Spring Boot ::        (v2.2.4.RELEASE)

2020-02-20 20:21:13.166  WARN 56371 --- [    Test worker] ory$DuplicateJsonObjectContextCustomizer : 

Found multiple occurrences of org.json.JSONObject on the class path:

	jar:file:/Users/lucasdossantos/Documents/gradle-5.4.1/caches/modules-2/files-2.1/org.json/json/20180813/8566b2b0391d9d4479ea225645c6ed47ef17fe41/json-20180813.jar!/org/json/JSONObject.class
	jar:file:/Users/lucasdossantos/Documents/gradle-5.4.1/caches/modules-2/files-2.1/com.vaadin.external.google/android-json/0.0.20131108.vaadin1/fa26d351fe62a6a17f5cda1287c1c6110dec413f/android-json-0.0.20131108.vaadin1.jar!/org/json/JSONObject.class

You may wish to exclude one of them to ensure predictable runtime behavior

2020-02-20 20:21:13.210  INFO 56371 --- [    Test worker] c.r.b.bigBoost.BigBoostApplicationTests  : Starting BigBoostApplicationTests on Lucass-MBP-2 with PID 56371 (started by lucasdossantos in /Users/lucasdossantos/Documents/workana/revobank/backend/bigBoost)
2020-02-20 20:21:13.211  INFO 56371 --- [    Test worker] c.r.b.bigBoost.BigBoostApplicationTests  : No active profile set, falling back to default profiles: default
2020-02-20 20:21:16.706  INFO 56371 --- [    Test worker] o.s.s.concurrent.ThreadPoolTaskExecutor  : Initializing ExecutorService 'applicationTaskExecutor'
2020-02-20 20:21:17.799  INFO 56371 --- [    Test worker] c.r.b.bigBoost.BigBoostApplicationTests  : Started BigBoostApplicationTests in 5.399 seconds (JVM running for 8.173)
]]></system-out>
  <system-err><![CDATA[]]></system-err>
</testsuite>
